/*C13*/SET SCHEMA PUBLIC
INSERT INTO PROJECTS VALUES(3,'test','test')
COMMIT
DISCONNECT
/*C15*/SET SCHEMA PUBLIC
DELETE FROM PROJECTS WHERE PROJECTID=3 AND NAME='test' AND DESCRIPTION='test'
COMMIT
/*C16*/SET SCHEMA PUBLIC
DELETE FROM PROJECTS WHERE PROJECTID=3 AND NAME='test' AND DESCRIPTION='test'
COMMIT
/*C16*/SET SCHEMA PUBLIC
INSERT INTO PROJECTS VALUES(3,'test','test')
COMMIT
DISCONNECT
/*C17*/SET SCHEMA PUBLIC
DELETE FROM PROJECTS WHERE PROJECTID=3 AND NAME='test' AND DESCRIPTION='test'
COMMIT
/*C15*/SET SCHEMA PUBLIC
INSERT INTO PROJECTS VALUES(2,'test','test')
COMMIT
DISCONNECT
/*C16*/SET SCHEMA PUBLIC
DELETE FROM PROJECTS WHERE PROJECTID=2 AND NAME='test' AND DESCRIPTION='test'
COMMIT
/*C2*/SET SCHEMA PUBLIC
DISCONNECT
/*C14*/SET SCHEMA PUBLIC
INSERT INTO PROJECTS VALUES(1,'default name','default description')
COMMIT
DISCONNECT
/*C16*/SET SCHEMA PUBLIC
INSERT INTO PROJECTS VALUES(2,'test1n','test1d')
COMMIT
DISCONNECT
/*C18*/SET SCHEMA PUBLIC
INSERT INTO PROJECTS VALUES(3,'test2n','test2d')
COMMIT
DISCONNECT
/*C19*/SET SCHEMA PUBLIC
DELETE FROM PROJECTS WHERE PROJECTID=3 AND NAME='test2n' AND DESCRIPTION='test2d'
COMMIT
/*C11*/SET SCHEMA PUBLIC
DISCONNECT
/*C23*/SET SCHEMA PUBLIC
INSERT INTO PROJECTS VALUES(3,'testa','testb')
COMMIT
DISCONNECT
/*C24*/SET SCHEMA PUBLIC
DELETE FROM PROJECTS WHERE PROJECTID=3 AND NAME='testa' AND DESCRIPTION='testb'
COMMIT
/*C24*/SET SCHEMA PUBLIC
DELETE FROM PROJECTS WHERE PROJECTID=2 AND NAME='test1n' AND DESCRIPTION='test1d'
COMMIT
/*C31*/SET SCHEMA PUBLIC
INSERT INTO PROJECTS VALUES(2,'test','test')
COMMIT
DISCONNECT
/*C33*/SET SCHEMA PUBLIC
INSERT INTO PROJECTS VALUES(3,'test','test')
COMMIT
DISCONNECT
/*C28*/SET SCHEMA PUBLIC
DELETE FROM PROJECTS WHERE PROJECTID=3 AND NAME='test' AND DESCRIPTION='test'
COMMIT
/*C28*/SET SCHEMA PUBLIC
INSERT INTO PROJECTS VALUES(3,'testa','a')
COMMIT
DISCONNECT
/*C29*/SET SCHEMA PUBLIC
DELETE FROM PROJECTS WHERE PROJECTID=3 AND NAME='testa' AND DESCRIPTION='a'
COMMIT
/*C29*/SET SCHEMA PUBLIC
INSERT INTO PROJECTS VALUES(3,'testa','a')
COMMIT
DISCONNECT
/*C30*/SET SCHEMA PUBLIC
DELETE FROM PROJECTS WHERE PROJECTID=3 AND NAME='testa' AND DESCRIPTION='a'
COMMIT
/*C19*/SET SCHEMA PUBLIC
DELETE FROM PROJECTS WHERE PROJECTID=1 AND NAME='default name' AND DESCRIPTION='default description'
DELETE FROM PROJECTS WHERE PROJECTID=1 AND NAME='default name' AND DESCRIPTION='default description'
DELETE FROM PROJECTS WHERE PROJECTID=1 AND NAME='default name' AND DESCRIPTION='default description'
DELETE FROM PROJECTS WHERE PROJECTID=1 AND NAME='default name' AND DESCRIPTION='default description'
DELETE FROM PROJECTS WHERE PROJECTID=1 AND NAME='default name' AND DESCRIPTION='default description'
DELETE FROM PROJECTS WHERE PROJECTID=1 AND NAME='default name' AND DESCRIPTION='default description'
DELETE FROM PROJECTS WHERE PROJECTID=2 AND NAME='test' AND DESCRIPTION='test'
DELETE FROM PROJECTS WHERE PROJECTID=1 AND NAME='default name' AND DESCRIPTION='default description'
DELETE FROM PROJECTS WHERE PROJECTID=2 AND NAME='test' AND DESCRIPTION='test'
COMMIT
INSERT INTO PROJECTS VALUES(0,NULL,NULL)
COMMIT
INSERT INTO PROJECTS VALUES(1,'default name','default description')
COMMIT
DISCONNECT
/*C43*/SET SCHEMA PUBLIC
INSERT INTO PROJECTS VALUES(2,'testa','test')
COMMIT
DISCONNECT
/*C44*/SET SCHEMA PUBLIC
DELETE FROM PROJECTS WHERE PROJECTID=2 AND NAME='testa' AND DESCRIPTION='test'
COMMIT
